<?xml version="1.0" encoding="UTF-8"?>
<!-- Generated by org.testng.reporters.JUnitReportReporter -->
<testsuite hostname="DESKTOP-DJ4FDME" failures="0" tests="1" name="org.wipro.automation.aumw.testcases.LoginScenario" time="6.283" errors="0" timestamp="2024-11-25T08:38:04 IST" skipped="0">
  <testcase classname="org.wipro.automation.aumw.testcases.LoginScenario" name="testlogin" time="6.283"/>
</testsuite> <!-- org.wipro.automation.aumw.testcases.LoginScenario -->
